#
# There is insufficient memory for the Java Runtime Environment to continue.
# Native memory allocation (mmap) failed to map 65536 bytes for committing reserved memory.
# Possible reasons:
#   The system is out of physical RAM or swap space
#   The process is running with CompressedOops enabled, and the Java Heap may be blocking the growth of the native heap
# Possible solutions:
#   Reduce memory load on the system
#   Increase physical memory or swap space
#   Check if swap backing store is full
#   Decrease Java heap size (-Xmx/-Xms)
#   Decrease number of Java threads
#   Decrease Java thread stack sizes (-Xss)
#   Set larger code cache with -XX:ReservedCodeCacheSize=
#   JVM is running with Unscaled Compressed Oops mode in which the Java heap is
#     placed in the first 4GB address space. The Java Heap base address is the
#     maximum limit for the native heap growth. Please use -XX:HeapBaseMinAddress
#     to set the Java Heap base and to place the Java Heap above 4GB virtual address.
# This output file may be truncated or incomplete.
#
#  Out of Memory Error (os_linux.cpp:2852), pid=2841, tid=2866
#
# JRE version: OpenJDK Runtime Environment (11.0.6+10) (build 11.0.6+10-post-Ubuntu-1ubuntu118.04.1)
# Java VM: OpenJDK 64-Bit Server VM (11.0.6+10-post-Ubuntu-1ubuntu118.04.1, mixed mode, sharing, tiered, compressed oops, serial gc, linux-amd64)
# Core dump will be written. Default location: Core dumps may be processed with "/usr/share/apport/apport %p %s %c %d %P" (or dumping to /home/guang/Documents/workspace-spring-tool-suite-4-4.6.0.RELEASE/bookstore-back-T-master/core.2841)
#

---------------  S U M M A R Y ------------

Command Line: -Dclassworlds.conf=/usr/share/maven/bin/m2.conf -Dmaven.home=/usr/share/maven -Dlibrary.jansi.path=/usr/share/maven/lib/jansi-native -Dmaven.multiModuleProjectDirectory=/home/guang/Documents/workspace-spring-tool-suite-4-4.6.0.RELEASE/bookstore-back-T-master org.codehaus.plexus.classworlds.launcher.Launcher clean install

Host: Intel(R) Core(TM) i7-9700KF CPU @ 3.60GHz, 1 cores, 1G, Ubuntu 18.04.2 LTS
Time: Wed Apr 15 21:22:27 2020 PDT elapsed time: 29 seconds (0d 0h 0m 29s)

---------------  T H R E A D  ---------------

Current thread (0x00007f08f805c800):  JavaThread "C1 CompilerThread0" daemon [_thread_in_vm, id=2866, stack(0x00007f08fd0ce000,0x00007f08fd1cf000)]


Current CompileTask:
C1:  29806 5391       3       jdk.internal.jrtfs.JrtPath::initOffsets (146 bytes)

Stack: [0x00007f08fd0ce000,0x00007f08fd1cf000],  sp=0x00007f08fd1ccec0,  free space=1019k
Native frames: (J=compiled Java code, A=aot compiled Java code, j=interpreted, Vv=VM code, C=native code)
V  [libjvm.so+0xdefa33]
V  [libjvm.so+0xdf06bb]
V  [libjvm.so+0x6508a5]
V  [libjvm.so+0xbc94b2]
V  [libjvm.so+0xbc134f]
V  [libjvm.so+0xde7207]
V  [libjvm.so+0x7e01cd]
V  [libjvm.so+0x5b62ea]
V  [libjvm.so+0xb89cc5]
V  [libjvm.so+0x53ae62]
V  [libjvm.so+0x467f0d]
V  [libjvm.so+0x46823f]
V  [libjvm.so+0x468b1e]
V  [libjvm.so+0x5fcf43]
V  [libjvm.so+0x5fe6e8]
V  [libjvm.so+0xd83203]
V  [libjvm.so+0xd834d5]
V  [libjvm.so+0xd7f20a]
V  [libjvm.so+0xbcf1fe]


---------------  P R O C E S S  ---------------

Threads class SMR info:
_java_thread_list=0x00007f08cc0029c0, length=10, elements={
0x00007f08f8014800, 0x00007f08f8050000, 0x00007f08f8052000, 0x00007f08f8058000,
0x00007f08f805a000, 0x00007f08f805c800, 0x00007f08f805e800, 0x00007f08f809a000,
0x00007f08f80a0800, 0x00007f08cc001000
}

Java Threads: ( => current thread )
  0x00007f08f8014800 JavaThread "main" [_thread_blocked, id=2860, stack(0x00007f09029e0000,0x00007f0902ae1000)]
  0x00007f08f8050000 JavaThread "Reference Handler" daemon [_thread_blocked, id=2862, stack(0x00007f08fdea1000,0x00007f08fdfa2000)]
  0x00007f08f8052000 JavaThread "Finalizer" daemon [_thread_blocked, id=2863, stack(0x00007f08fdda0000,0x00007f08fdea1000)]
  0x00007f08f8058000 JavaThread "Signal Dispatcher" daemon [_thread_blocked, id=2864, stack(0x00007f08fd2d0000,0x00007f08fd3d1000)]
  0x00007f08f805a000 JavaThread "C2 CompilerThread0" daemon [_thread_in_native, id=2865, stack(0x00007f08fd1cf000,0x00007f08fd2d0000)]
=>0x00007f08f805c800 JavaThread "C1 CompilerThread0" daemon [_thread_in_vm, id=2866, stack(0x00007f08fd0ce000,0x00007f08fd1cf000)]
  0x00007f08f805e800 JavaThread "Sweeper thread" daemon [_thread_blocked, id=2867, stack(0x00007f08fcfcd000,0x00007f08fd0ce000)]
  0x00007f08f809a000 JavaThread "Service Thread" daemon [_thread_blocked, id=2868, stack(0x00007f08fcecc000,0x00007f08fcfcd000)]
  0x00007f08f80a0800 JavaThread "Common-Cleaner" daemon [_thread_blocked, id=2870, stack(0x00007f08fccc9000,0x00007f08fcdca000)]
  0x00007f08cc001000 JavaThread "Attach Listener" daemon [_thread_blocked, id=2872, stack(0x00007f08fc36f000,0x00007f08fc470000)]

Other Threads:
  0x00007f08f804d000 VMThread "VM Thread" [stack: 0x00007f08fdfa4000,0x00007f08fe0a4000] [id=2861]
  0x00007f08f809c800 WatcherThread [stack: 0x00007f08fcdcc000,0x00007f08fcecc000] [id=2869]

Threads with active compile tasks:
C2 CompilerThread0  29930 5364       4       jdk.internal.jrtfs.JrtPath::normalize (97 bytes)
C1 CompilerThread0  29944 5391       3       jdk.internal.jrtfs.JrtPath::initOffsets (146 bytes)

VM state:not at safepoint (normal execution)

VM Mutex/Monitor currently owned by a thread:  ([mutex/lock_event])
[0x00007f08f800fdc0] CodeCache_lock - owner thread: 0x00007f08f805c800
[0x00007f08f80118c0] Compile_lock - owner thread: 0x00007f08f805c800
[0x00007f08f8011a70] MethodCompileQueue_lock - owner thread: 0x00007f08f805c800

Heap address: 0x00000000e0c00000, size: 500 MB, Compressed Oops mode: 32-bit
Narrow klass base: 0x0000000800000000, Narrow klass shift: 3
Compressed class space size: 1073741824 Address: 0x0000000840000000

Heap:
 def new generation   total 19712K, used 13433K [0x00000000e0c00000, 0x00000000e2160000, 0x00000000eb2a0000)
  eden space 17536K,  64% used [0x00000000e0c00000, 0x00000000e16fe5c0, 0x00000000e1d20000)
  from space 2176K, 100% used [0x00000000e1f40000, 0x00000000e2160000, 0x00000000e2160000)
  to   space 2176K,   0% used [0x00000000e1d20000, 0x00000000e1d20000, 0x00000000e1f40000)
 tenured generation   total 43648K, used 38835K [0x00000000eb2a0000, 0x00000000edd40000, 0x0000000100000000)
   the space 43648K,  88% used [0x00000000eb2a0000, 0x00000000ed88ce90, 0x00000000ed88d000, 0x00000000edd40000)
 Metaspace       used 32049K, capacity 32828K, committed 33152K, reserved 1079296K
  class space    used 3668K, capacity 3936K, committed 3968K, reserved 1048576K

Card table byte_map: [0x00007f08fe9c9000,0x00007f08feac4000] _byte_map_base: 0x00007f08fe2c3000

Polling page: 0x00007f0902af5000

Metaspace:

Usage:
  Non-class:     28.21 MB capacity,    27.71 MB ( 98%) used,   457.34 KB (  2%) free+waste,    54.50 KB ( <1%) overhead. 
      Class:      3.84 MB capacity,     3.58 MB ( 93%) used,   243.28 KB (  6%) free+waste,    23.88 KB ( <1%) overhead. 
       Both:     32.06 MB capacity,    31.30 MB ( 98%) used,   700.62 KB (  2%) free+waste,    78.38 KB ( <1%) overhead. 

Virtual space:
  Non-class space:       30.00 MB reserved,      28.50 MB ( 95%) committed 
      Class space:        1.00 GB reserved,       3.88 MB ( <1%) committed 
             Both:        1.03 GB reserved,      32.38 MB (  3%) committed 

Chunk freelists:
   Non-Class:  120.00 KB
       Class:  0 bytes
        Both:  120.00 KB

MaxMetaspaceSize: unlimited
CompressedClassSpaceSize: 1.00 GB

CodeHeap 'non-profiled nmethods': size=120036Kb used=2149Kb max_used=2149Kb free=117886Kb
 bounds [0x00007f08e83d7000, 0x00007f08e8647000, 0x00007f08ef910000]
CodeHeap 'profiled nmethods': size=120032Kb used=10619Kb max_used=10619Kb free=109412Kb
 bounds [0x00007f08e0e9f000, 0x00007f08e18ff000, 0x00007f08e83d7000]
CodeHeap 'non-nmethods': size=5692Kb used=1163Kb max_used=1194Kb free=4528Kb
 bounds [0x00007f08e0910000, 0x00007f08e0b80000, 0x00007f08e0e9f000]
 total_blobs=6766 nmethods=5205 adapters=416
 compilation: enabled
              stopped_count=0, restarted_count=0
 full_count=0

Compilation events (20 events):
Event: 27.941 Thread 0x00007f08f805c800 nmethod 5375 0x00007f08e18f6d90 code [0x00007f08e18f6f60, 0x00007f08e18f7428]
Event: 27.941 Thread 0x00007f08f805c800 5377       3       java.util.stream.StreamSpliterators$WrappingSpliterator::tryAdvance (36 bytes)
Event: 27.941 Thread 0x00007f08f805c800 nmethod 5377 0x00007f08e18f7590 code [0x00007f08e18f77a0, 0x00007f08e18f7d18]
Event: 27.941 Thread 0x00007f08f805c800 5378       3       java.util.stream.StreamSpliterators$AbstractWrappingSpliterator::doAdvance (106 bytes)
Event: 27.944 Thread 0x00007f08f805c800 nmethod 5378 0x00007f08e18f7f10 code [0x00007f08e18f8160, 0x00007f08e18f8c68]
Event: 27.945 Thread 0x00007f08f805c800 5374       3       jdk.internal.jrtfs.JrtPath::checkPath (47 bytes)
Event: 27.950 Thread 0x00007f08f805c800 nmethod 5374 0x00007f08e18f8f10 code [0x00007f08e18f91e0, 0x00007f08e18fa038]
Event: 27.951 Thread 0x00007f08f805c800 5380       3       java.util.Spliterators$1Adapter::accept (11 bytes)
Event: 27.952 Thread 0x00007f08f805c800 nmethod 5380 0x00007f08e18fa490 code [0x00007f08e18fa640, 0x00007f08e18fa7d0]
Event: 27.952 Thread 0x00007f08f805c800 5381       3       java.util.Spliterators$1Adapter::next (32 bytes)
Event: 27.952 Thread 0x00007f08f805c800 nmethod 5381 0x00007f08e18fa890 code [0x00007f08e18faa80, 0x00007f08e18faed8]
Event: 27.952 Thread 0x00007f08f805c800 5382       3       java.util.stream.SpinedBuffer::get (123 bytes)
Event: 27.955 Thread 0x00007f08f805c800 nmethod 5382 0x00007f08e18fb010 code [0x00007f08e18fb260, 0x00007f08e18fbb18]
Event: 27.955 Thread 0x00007f08f805c800 5373       3       jdk.internal.jrtfs.JrtPath::getResolved (50 bytes)
Event: 27.957 Thread 0x00007f08f805c800 nmethod 5373 0x00007f08e18fbf10 code [0x00007f08e18fc160, 0x00007f08e18fca18]
Event: 28.192 Thread 0x00007f08f805c800 5383       3       com.sun.tools.javac.file.BaseFileManager::getKind (55 bytes)
Event: 28.305 Thread 0x00007f08f805c800 nmethod 5383 0x00007f08e18fcd90 code [0x00007f08e18fd020, 0x00007f08e18fda48]
Event: 28.386 Thread 0x00007f08f805c800 5391       3       jdk.internal.jrtfs.JrtPath::initOffsets (146 bytes)
Event: 29.193 Thread 0x00007f08f805a000 nmethod 5361 0x00007f08e85ebf10 code [0x00007f08e85ec2a0, 0x00007f08e85eecf8]
Event: 29.266 Thread 0x00007f08f805a000 5364       4       jdk.internal.jrtfs.JrtPath::normalize (97 bytes)

GC Heap History (20 events):
Event: 5.883 GC heap before
{Heap before GC invocations=29 (full 1):
 def new generation   total 11648K, used 10966K [0x00000000e0c00000, 0x00000000e18a0000, 0x00000000eb2a0000)
  eden space 10368K, 100% used [0x00000000e0c00000, 0x00000000e1620000, 0x00000000e1620000)
  from space 1280K,  46% used [0x00000000e1620000, 0x00000000e16b59d8, 0x00000000e1760000)
  to   space 1280K,   0% used [0x00000000e1760000, 0x00000000e1760000, 0x00000000e18a0000)
 tenured generation   total 25804K, used 25113K [0x00000000eb2a0000, 0x00000000ecbd3000, 0x0000000100000000)
   the space 25804K,  97% used [0x00000000eb2a0000, 0x00000000ecb26550, 0x00000000ecb26600, 0x00000000ecbd3000)
 Metaspace       used 23997K, capacity 24584K, committed 24960K, reserved 1071104K
  class space    used 2725K, capacity 2930K, committed 2944K, reserved 1048576K
}
Event: 5.894 GC heap after
{Heap after GC invocations=30 (full 1):
 def new generation   total 11648K, used 1029K [0x00000000e0c00000, 0x00000000e18a0000, 0x00000000eb2a0000)
  eden space 10368K,   0% used [0x00000000e0c00000, 0x00000000e0c00000, 0x00000000e1620000)
  from space 1280K,  80% used [0x00000000e1760000, 0x00000000e1861550, 0x00000000e18a0000)
  to   space 1280K,   0% used [0x00000000e1620000, 0x00000000e1620000, 0x00000000e1760000)
 tenured generation   total 25804K, used 25113K [0x00000000eb2a0000, 0x00000000ecbd3000, 0x0000000100000000)
   the space 25804K,  97% used [0x00000000eb2a0000, 0x00000000ecb26550, 0x00000000ecb26600, 0x00000000ecbd3000)
 Metaspace       used 23997K, capacity 24584K, committed 24960K, reserved 1071104K
  class space    used 2725K, capacity 2930K, committed 2944K, reserved 1048576K
}
Event: 6.006 GC heap before
{Heap before GC invocations=30 (full 1):
 def new generation   total 11648K, used 11397K [0x00000000e0c00000, 0x00000000e18a0000, 0x00000000eb2a0000)
  eden space 10368K, 100% used [0x00000000e0c00000, 0x00000000e1620000, 0x00000000e1620000)
  from space 1280K,  80% used [0x00000000e1760000, 0x00000000e1861550, 0x00000000e18a0000)
  to   space 1280K,   0% used [0x00000000e1620000, 0x00000000e1620000, 0x00000000e1760000)
 tenured generation   total 25804K, used 25113K [0x00000000eb2a0000, 0x00000000ecbd3000, 0x0000000100000000)
   the space 25804K,  97% used [0x00000000eb2a0000, 0x00000000ecb26550, 0x00000000ecb26600, 0x00000000ecbd3000)
 Metaspace       used 24056K, capacity 24648K, committed 24960K, reserved 1071104K
  class space    used 2726K, capacity 2930K, committed 2944K, reserved 1048576K
}
Event: 6.208 GC heap after
{Heap after GC invocations=31 (full 1):
 def new generation   total 11648K, used 1022K [0x00000000e0c00000, 0x00000000e18a0000, 0x00000000eb2a0000)
  eden space 10368K,   0% used [0x00000000e0c00000, 0x00000000e0c00000, 0x00000000e1620000)
  from space 1280K,  79% used [0x00000000e1620000, 0x00000000e171f918, 0x00000000e1760000)
  to   space 1280K,   0% used [0x00000000e1760000, 0x00000000e1760000, 0x00000000e18a0000)
 tenured generation   total 25804K, used 25514K [0x00000000eb2a0000, 0x00000000ecbd3000, 0x0000000100000000)
   the space 25804K,  98% used [0x00000000eb2a0000, 0x00000000ecb8a9c0, 0x00000000ecb8aa00, 0x00000000ecbd3000)
 Metaspace       used 24056K, capacity 24648K, committed 24960K, reserved 1071104K
  class space    used 2726K, capacity 2930K, committed 2944K, reserved 1048576K
}
Event: 6.707 GC heap before
{Heap before GC invocations=31 (full 1):
 def new generation   total 11648K, used 11390K [0x00000000e0c00000, 0x00000000e18a0000, 0x00000000eb2a0000)
  eden space 10368K, 100% used [0x00000000e0c00000, 0x00000000e1620000, 0x00000000e1620000)
  from space 1280K,  79% used [0x00000000e1620000, 0x00000000e171f918, 0x00000000e1760000)
  to   space 1280K,   0% used [0x00000000e1760000, 0x00000000e1760000, 0x00000000e18a0000)
 tenured generation   total 25804K, used 25514K [0x00000000eb2a0000, 0x00000000ecbd3000, 0x0000000100000000)
   the space 25804K,  98% used [0x00000000eb2a0000, 0x00000000ecb8a9c0, 0x00000000ecb8aa00, 0x00000000ecbd3000)
 Metaspace       used 24364K, capacity 24969K, committed 25344K, reserved 1071104K
  class space    used 2752K, capacity 2973K, committed 3072K, reserved 1048576K
}
Event: 6.783 GC heap after
{Heap after GC invocations=32 (full 2):
 def new generation   total 19712K, used 498K [0x00000000e0c00000, 0x00000000e2160000, 0x00000000eb2a0000)
  eden space 17536K,   2% used [0x00000000e0c00000, 0x00000000e0c7c980, 0x00000000e1d20000)
  from space 2176K,   0% used [0x00000000e1d20000, 0x00000000e1d20000, 0x00000000e1f40000)
  to   space 2176K,   0% used [0x00000000e1f40000, 0x00000000e1f40000, 0x00000000e2160000)
 tenured generation   total 43648K, used 26187K [0x00000000eb2a0000, 0x00000000edd40000, 0x0000000100000000)
   the space 43648K,  59% used [0x00000000eb2a0000, 0x00000000ecc32fe8, 0x00000000ecc33000, 0x00000000edd40000)
 Metaspace       used 24364K, capacity 24969K, committed 25344K, reserved 1071104K
  class space    used 2752K, capacity 2973K, committed 3072K, reserved 1048576K
}
Event: 7.291 GC heap before
{Heap before GC invocations=32 (full 2):
 def new generation   total 19712K, used 17524K [0x00000000e0c00000, 0x00000000e2160000, 0x00000000eb2a0000)
  eden space 17536K,  99% used [0x00000000e0c00000, 0x00000000e1d1d2b8, 0x00000000e1d20000)
  from space 2176K,   0% used [0x00000000e1d20000, 0x00000000e1d20000, 0x00000000e1f40000)
  to   space 2176K,   0% used [0x00000000e1f40000, 0x00000000e1f40000, 0x00000000e2160000)
 tenured generation   total 43648K, used 26187K [0x00000000eb2a0000, 0x00000000edd40000, 0x0000000100000000)
   the space 43648K,  59% used [0x00000000eb2a0000, 0x00000000ecc32fe8, 0x00000000ecc33000, 0x00000000edd40000)
 Metaspace       used 26101K, capacity 26781K, committed 27008K, reserved 1073152K
  class space    used 2959K, capacity 3152K, committed 3200K, reserved 1048576K
}
Event: 7.310 GC heap after
{Heap after GC invocations=33 (full 2):
 def new generation   total 19712K, used 1607K [0x00000000e0c00000, 0x00000000e2160000, 0x00000000eb2a0000)
  eden space 17536K,   0% used [0x00000000e0c00000, 0x00000000e0c00000, 0x00000000e1d20000)
  from space 2176K,  73% used [0x00000000e1f40000, 0x00000000e20d1c40, 0x00000000e2160000)
  to   space 2176K,   0% used [0x00000000e1d20000, 0x00000000e1d20000, 0x00000000e1f40000)
 tenured generation   total 43648K, used 26187K [0x00000000eb2a0000, 0x00000000edd40000, 0x0000000100000000)
   the space 43648K,  59% used [0x00000000eb2a0000, 0x00000000ecc32fe8, 0x00000000ecc33000, 0x00000000edd40000)
 Metaspace       used 26101K, capacity 26781K, committed 27008K, reserved 1073152K
  class space    used 2959K, capacity 3152K, committed 3200K, reserved 1048576K
}
Event: 7.317 GC heap before
{Heap before GC invocations=33 (full 2):
 def new generation   total 19712K, used 19137K [0x00000000e0c00000, 0x00000000e2160000, 0x00000000eb2a0000)
  eden space 17536K,  99% used [0x00000000e0c00000, 0x00000000e1d1e9b0, 0x00000000e1d20000)
  from space 2176K,  73% used [0x00000000e1f40000, 0x00000000e20d1c40, 0x00000000e2160000)
  to   space 2176K,   0% used [0x00000000e1d20000, 0x00000000e1d20000, 0x00000000e1f40000)
 tenured generation   total 43648K, used 26187K [0x00000000eb2a0000, 0x00000000edd40000, 0x0000000100000000)
   the space 43648K,  59% used [0x00000000eb2a0000, 0x00000000ecc32fe8, 0x00000000ecc33000, 0x00000000edd40000)
 Metaspace       used 26101K, capacity 26781K, committed 27008K, reserved 1073152K
  class space    used 2959K, capacity 3152K, committed 3200K, reserved 1048576K
}
Event: 7.322 GC heap after
{Heap after GC invocations=34 (full 2):
 def new generation   total 19712K, used 60K [0x00000000e0c00000, 0x00000000e2160000, 0x00000000eb2a0000)
  eden space 17536K,   0% used [0x00000000e0c00000, 0x00000000e0c00000, 0x00000000e1d20000)
  from space 2176K,   2% used [0x00000000e1d20000, 0x00000000e1d2f368, 0x00000000e1f40000)
  to   space 2176K,   0% used [0x00000000e1f40000, 0x00000000e1f40000, 0x00000000e2160000)
 tenured generation   total 43648K, used 27756K [0x00000000eb2a0000, 0x00000000edd40000, 0x0000000100000000)
   the space 43648K,  63% used [0x00000000eb2a0000, 0x00000000ecdbb238, 0x00000000ecdbb400, 0x00000000edd40000)
 Metaspace       used 26101K, capacity 26781K, committed 27008K, reserved 1073152K
  class space    used 2959K, capacity 3152K, committed 3200K, reserved 1048576K
}
Event: 11.637 GC heap before
{Heap before GC invocations=34 (full 2):
 def new generation   total 19712K, used 17596K [0x00000000e0c00000, 0x00000000e2160000, 0x00000000eb2a0000)
  eden space 17536K, 100% used [0x00000000e0c00000, 0x00000000e1d20000, 0x00000000e1d20000)
  from space 2176K,   2% used [0x00000000e1d20000, 0x00000000e1d2f368, 0x00000000e1f40000)
  to   space 2176K,   0% used [0x00000000e1f40000, 0x00000000e1f40000, 0x00000000e2160000)
 tenured generation   total 43648K, used 27756K [0x00000000eb2a0000, 0x00000000edd40000, 0x0000000100000000)
   the space 43648K,  63% used [0x00000000eb2a0000, 0x00000000ecdbb238, 0x00000000ecdbb400, 0x00000000edd40000)
 Metaspace       used 30641K, capacity 31359K, committed 31744K, reserved 1077248K
  class space    used 3540K, capacity 3788K, committed 3840K, reserved 1048576K
}
Event: 11.669 GC heap after
{Heap after GC invocations=35 (full 2):
 def new generation   total 19712K, used 2176K [0x00000000e0c00000, 0x00000000e2160000, 0x00000000eb2a0000)
  eden space 17536K,   0% used [0x00000000e0c00000, 0x00000000e0c00000, 0x00000000e1d20000)
  from space 2176K, 100% used [0x00000000e1f40000, 0x00000000e2160000, 0x00000000e2160000)
  to   space 2176K,   0% used [0x00000000e1d20000, 0x00000000e1d20000, 0x00000000e1f40000)
 tenured generation   total 43648K, used 29787K [0x00000000eb2a0000, 0x00000000edd40000, 0x0000000100000000)
   the space 43648K,  68% used [0x00000000eb2a0000, 0x00000000ecfb6dd0, 0x00000000ecfb6e00, 0x00000000edd40000)
 Metaspace       used 30641K, capacity 31359K, committed 31744K, reserved 1077248K
  class space    used 3540K, capacity 3788K, committed 3840K, reserved 1048576K
}
Event: 18.980 GC heap before
{Heap before GC invocations=35 (full 2):
 def new generation   total 19712K, used 19702K [0x00000000e0c00000, 0x00000000e2160000, 0x00000000eb2a0000)
  eden space 17536K,  99% used [0x00000000e0c00000, 0x00000000e1d1dab8, 0x00000000e1d20000)
  from space 2176K, 100% used [0x00000000e1f40000, 0x00000000e2160000, 0x00000000e2160000)
  to   space 2176K,   0% used [0x00000000e1d20000, 0x00000000e1d20000, 0x00000000e1f40000)
 tenured generation   total 43648K, used 29787K [0x00000000eb2a0000, 0x00000000edd40000, 0x0000000100000000)
   the space 43648K,  68% used [0x00000000eb2a0000, 0x00000000ecfb6dd0, 0x00000000ecfb6e00, 0x00000000edd40000)
 Metaspace       used 31535K, capacity 32299K, committed 32640K, reserved 1077248K
  class space    used 3616K, capacity 3867K, committed 3968K, reserved 1048576K
}
Event: 19.003 GC heap after
{Heap after GC invocations=36 (full 2):
 def new generation   total 19712K, used 2176K [0x00000000e0c00000, 0x00000000e2160000, 0x00000000eb2a0000)
  eden space 17536K,   0% used [0x00000000e0c00000, 0x00000000e0c00000, 0x00000000e1d20000)
  from space 2176K, 100% used [0x00000000e1d20000, 0x00000000e1f40000, 0x00000000e1f40000)
  to   space 2176K,   0% used [0x00000000e1f40000, 0x00000000e1f40000, 0x00000000e2160000)
 tenured generation   total 43648K, used 32907K [0x00000000eb2a0000, 0x00000000edd40000, 0x0000000100000000)
   the space 43648K,  75% used [0x00000000eb2a0000, 0x00000000ed2c2ff8, 0x00000000ed2c3000, 0x00000000edd40000)
 Metaspace       used 31535K, capacity 32299K, committed 32640K, reserved 1077248K
  class space    used 3616K, capacity 3867K, committed 3968K, reserved 1048576K
}
Event: 19.011 GC heap before
{Heap before GC invocations=36 (full 2):
 def new generation   total 19712K, used 19707K [0x00000000e0c00000, 0x00000000e2160000, 0x00000000eb2a0000)
  eden space 17536K,  99% used [0x00000000e0c00000, 0x00000000e1d1ec98, 0x00000000e1d20000)
  from space 2176K, 100% used [0x00000000e1d20000, 0x00000000e1f40000, 0x00000000e1f40000)
  to   space 2176K,   0% used [0x00000000e1f40000, 0x00000000e1f40000, 0x00000000e2160000)
 tenured generation   total 43648K, used 32907K [0x00000000eb2a0000, 0x00000000edd40000, 0x0000000100000000)
   the space 43648K,  75% used [0x00000000eb2a0000, 0x00000000ed2c2ff8, 0x00000000ed2c3000, 0x00000000edd40000)
 Metaspace       used 31535K, capacity 32299K, committed 32640K, reserved 1077248K
  class space    used 3616K, capacity 3867K, committed 3968K, reserved 1048576K
}
Event: 19.021 GC heap after
{Heap after GC invocations=37 (full 2):
 def new generation   total 19712K, used 56K [0x00000000e0c00000, 0x00000000e2160000, 0x00000000eb2a0000)
  eden space 17536K,   0% used [0x00000000e0c00000, 0x00000000e0c00000, 0x00000000e1d20000)
  from space 2176K,   2% used [0x00000000e1f40000, 0x00000000e1f4e338, 0x00000000e2160000)
  to   space 2176K,   0% used [0x00000000e1d20000, 0x00000000e1d20000, 0x00000000e1f40000)
 tenured generation   total 43648K, used 35054K [0x00000000eb2a0000, 0x00000000edd40000, 0x0000000100000000)
   the space 43648K,  80% used [0x00000000eb2a0000, 0x00000000ed4db9e8, 0x00000000ed4dba00, 0x00000000edd40000)
 Metaspace       used 31535K, capacity 32299K, committed 32640K, reserved 1077248K
  class space    used 3616K, capacity 3867K, committed 3968K, reserved 1048576K
}
Event: 21.956 GC heap before
{Heap before GC invocations=37 (full 2):
 def new generation   total 19712K, used 17592K [0x00000000e0c00000, 0x00000000e2160000, 0x00000000eb2a0000)
  eden space 17536K, 100% used [0x00000000e0c00000, 0x00000000e1d20000, 0x00000000e1d20000)
  from space 2176K,   2% used [0x00000000e1f40000, 0x00000000e1f4e338, 0x00000000e2160000)
  to   space 2176K,   0% used [0x00000000e1d20000, 0x00000000e1d20000, 0x00000000e1f40000)
 tenured generation   total 43648K, used 35054K [0x00000000eb2a0000, 0x00000000edd40000, 0x0000000100000000)
   the space 43648K,  80% used [0x00000000eb2a0000, 0x00000000ed4db9e8, 0x00000000ed4dba00, 0x00000000edd40000)
 Metaspace       used 31565K, capacity 32306K, committed 32640K, reserved 1077248K
  class space    used 3617K, capacity 3869K, committed 3968K, reserved 1048576K
}
Event: 21.971 GC heap after
{Heap after GC invocations=38 (full 2):
 def new generation   total 19712K, used 1841K [0x00000000e0c00000, 0x00000000e2160000, 0x00000000eb2a0000)
  eden space 17536K,   0% used [0x00000000e0c00000, 0x00000000e0c00000, 0x00000000e1d20000)
  from space 2176K,  84% used [0x00000000e1d20000, 0x00000000e1eec598, 0x00000000e1f40000)
  to   space 2176K,   0% used [0x00000000e1f40000, 0x00000000e1f40000, 0x00000000e2160000)
 tenured generation   total 43648K, used 35054K [0x00000000eb2a0000, 0x00000000edd40000, 0x0000000100000000)
   the space 43648K,  80% used [0x00000000eb2a0000, 0x00000000ed4db9e8, 0x00000000ed4dba00, 0x00000000edd40000)
 Metaspace       used 31565K, capacity 32306K, committed 32640K, reserved 1077248K
  class space    used 3617K, capacity 3869K, committed 3968K, reserved 1048576K
}
Event: 23.577 GC heap before
{Heap before GC invocations=38 (full 2):
 def new generation   total 19712K, used 19377K [0x00000000e0c00000, 0x00000000e2160000, 0x00000000eb2a0000)
  eden space 17536K, 100% used [0x00000000e0c00000, 0x00000000e1d20000, 0x00000000e1d20000)
  from space 2176K,  84% used [0x00000000e1d20000, 0x00000000e1eec598, 0x00000000e1f40000)
  to   space 2176K,   0% used [0x00000000e1f40000, 0x00000000e1f40000, 0x00000000e2160000)
 tenured generation   total 43648K, used 35054K [0x00000000eb2a0000, 0x00000000edd40000, 0x0000000100000000)
   the space 43648K,  80% used [0x00000000eb2a0000, 0x00000000ed4db9e8, 0x00000000ed4dba00, 0x00000000edd40000)
 Metaspace       used 31808K, capacity 32605K, committed 32896K, reserved 1079296K
  class space    used 3641K, capacity 3884K, committed 3968K, reserved 1048576K
}
Event: 23.605 GC heap after
{Heap after GC invocations=39 (full 2):
 def new generation   total 19712K, used 2176K [0x00000000e0c00000, 0x00000000e2160000, 0x00000000eb2a0000)
  eden space 17536K,   0% used [0x00000000e0c00000, 0x00000000e0c00000, 0x00000000e1d20000)
  from space 2176K, 100% used [0x00000000e1f40000, 0x00000000e2160000, 0x00000000e2160000)
  to   space 2176K,   0% used [0x00000000e1d20000, 0x00000000e1d20000, 0x00000000e1f40000)
 tenured generation   total 43648K, used 38835K [0x00000000eb2a0000, 0x00000000edd40000, 0x0000000100000000)
   the space 43648K,  88% used [0x00000000eb2a0000, 0x00000000ed88ce90, 0x00000000ed88d000, 0x00000000edd40000)
 Metaspace       used 31808K, capacity 32605K, committed 32896K, reserved 1079296K
  class space    used 3641K, capacity 3884K, committed 3968K, reserved 1048576K
}

Deoptimization events (20 events):
Event: 18.893 Thread 0x00007f08f8014800 DEOPT PACKING pc=0x00007f08e182d9b8 sp=0x00007f0902add540
Event: 18.893 Thread 0x00007f08f8014800 DEOPT UNPACKING pc=0x00007f08e093813a sp=0x00007f0902adc9e0 mode 0
Event: 18.893 Thread 0x00007f08f8014800 DEOPT PACKING pc=0x00007f08e182d9b8 sp=0x00007f0902add540
Event: 18.893 Thread 0x00007f08f8014800 DEOPT UNPACKING pc=0x00007f08e093813a sp=0x00007f0902adc9e0 mode 0
Event: 18.893 Thread 0x00007f08f8014800 DEOPT PACKING pc=0x00007f08e182d9b8 sp=0x00007f0902add540
Event: 18.893 Thread 0x00007f08f8014800 DEOPT UNPACKING pc=0x00007f08e093813a sp=0x00007f0902adc9e0 mode 0
Event: 18.894 Thread 0x00007f08f8014800 DEOPT PACKING pc=0x00007f08e182d9b8 sp=0x00007f0902add5b0
Event: 18.894 Thread 0x00007f08f8014800 DEOPT UNPACKING pc=0x00007f08e093813a sp=0x00007f0902adca48 mode 0
Event: 18.894 Thread 0x00007f08f8014800 DEOPT PACKING pc=0x00007f08e182d9b8 sp=0x00007f0902add5b0
Event: 18.894 Thread 0x00007f08f8014800 DEOPT UNPACKING pc=0x00007f08e093813a sp=0x00007f0902adca48 mode 0
Event: 18.894 Thread 0x00007f08f8014800 DEOPT PACKING pc=0x00007f08e182d9b8 sp=0x00007f0902add5b0
Event: 18.894 Thread 0x00007f08f8014800 DEOPT UNPACKING pc=0x00007f08e093813a sp=0x00007f0902adca48 mode 0
Event: 18.907 Thread 0x00007f08f8014800 DEOPT PACKING pc=0x00007f08e182d9b8 sp=0x00007f0902add2b0
Event: 18.907 Thread 0x00007f08f8014800 DEOPT UNPACKING pc=0x00007f08e093813a sp=0x00007f0902adc748 mode 0
Event: 22.016 Thread 0x00007f08f8014800 DEOPT PACKING pc=0x00007f08e176653e sp=0x00007f0902add3f0
Event: 22.016 Thread 0x00007f08f8014800 DEOPT UNPACKING pc=0x00007f08e093813a sp=0x00007f0902adc9d8 mode 0
Event: 23.515 Thread 0x00007f08f8014800 DEOPT PACKING pc=0x00007f08e1897b14 sp=0x00007f0902add730
Event: 23.515 Thread 0x00007f08f8014800 DEOPT UNPACKING pc=0x00007f08e093813a sp=0x00007f0902adcbb8 mode 0
Event: 29.233 Thread 0x00007f08f8014800 DEOPT PACKING pc=0x00007f08e12b1622 sp=0x00007f0902add350
Event: 29.245 Thread 0x00007f08f8014800 DEOPT UNPACKING pc=0x00007f08e093813a sp=0x00007f0902adc7b8 mode 0

Classes redefined (0 events):
No events

Internal exceptions (20 events):
Event: 11.038 Thread 0x00007f08f8014800 Exception <a 'java/security/PrivilegedActionException'{0x00000000e1ad6690}> (0x00000000e1ad6690) thrown at [/build/openjdk-lts-iuKaMP/openjdk-lts-11.0.6+10/src/hotspot/share/prims/jvm.cpp, line 1297]
Event: 11.038 Thread 0x00007f08f8014800 Exception <a 'java/security/PrivilegedActionException'{0x00000000e1b325b0}> (0x00000000e1b325b0) thrown at [/build/openjdk-lts-iuKaMP/openjdk-lts-11.0.6+10/src/hotspot/share/prims/jvm.cpp, line 1297]
Event: 11.038 Thread 0x00007f08f8014800 Exception <a 'java/security/PrivilegedActionException'{0x00000000e1b32b28}> (0x00000000e1b32b28) thrown at [/build/openjdk-lts-iuKaMP/openjdk-lts-11.0.6+10/src/hotspot/share/prims/jvm.cpp, line 1297]
Event: 11.038 Thread 0x00007f08f8014800 Exception <a 'java/security/PrivilegedActionException'{0x00000000e1b33bd0}> (0x00000000e1b33bd0) thrown at [/build/openjdk-lts-iuKaMP/openjdk-lts-11.0.6+10/src/hotspot/share/prims/jvm.cpp, line 1297]
Event: 11.038 Thread 0x00007f08f8014800 Exception <a 'java/security/PrivilegedActionException'{0x00000000e1b34148}> (0x00000000e1b34148) thrown at [/build/openjdk-lts-iuKaMP/openjdk-lts-11.0.6+10/src/hotspot/share/prims/jvm.cpp, line 1297]
Event: 11.038 Thread 0x00007f08f8014800 Exception <a 'java/security/PrivilegedActionException'{0x00000000e1b35180}> (0x00000000e1b35180) thrown at [/build/openjdk-lts-iuKaMP/openjdk-lts-11.0.6+10/src/hotspot/share/prims/jvm.cpp, line 1297]
Event: 11.038 Thread 0x00007f08f8014800 Exception <a 'java/security/PrivilegedActionException'{0x00000000e1b356f8}> (0x00000000e1b356f8) thrown at [/build/openjdk-lts-iuKaMP/openjdk-lts-11.0.6+10/src/hotspot/share/prims/jvm.cpp, line 1297]
Event: 11.038 Thread 0x00007f08f8014800 Exception <a 'java/security/PrivilegedActionException'{0x00000000e1b36758}> (0x00000000e1b36758) thrown at [/build/openjdk-lts-iuKaMP/openjdk-lts-11.0.6+10/src/hotspot/share/prims/jvm.cpp, line 1297]
Event: 11.038 Thread 0x00007f08f8014800 Exception <a 'java/security/PrivilegedActionException'{0x00000000e1b36cd0}> (0x00000000e1b36cd0) thrown at [/build/openjdk-lts-iuKaMP/openjdk-lts-11.0.6+10/src/hotspot/share/prims/jvm.cpp, line 1297]
Event: 11.038 Thread 0x00007f08f8014800 Exception <a 'java/security/PrivilegedActionException'{0x00000000e1b37d78}> (0x00000000e1b37d78) thrown at [/build/openjdk-lts-iuKaMP/openjdk-lts-11.0.6+10/src/hotspot/share/prims/jvm.cpp, line 1297]
Event: 11.038 Thread 0x00007f08f8014800 Exception <a 'java/security/PrivilegedActionException'{0x00000000e1b382f0}> (0x00000000e1b382f0) thrown at [/build/openjdk-lts-iuKaMP/openjdk-lts-11.0.6+10/src/hotspot/share/prims/jvm.cpp, line 1297]
Event: 18.300 Thread 0x00007f08f8014800 Implicit null exception at 0x00007f08e84d382c to 0x00007f08e84d3994
Event: 18.386 Thread 0x00007f08f8014800 Exception <a 'java/lang/NoSuchMethodError'{0x00000000e1145bd8}: 'java.lang.Object java.lang.invoke.DirectMethodHandle$Holder.invokeStatic(java.lang.Object, int, java.lang.Object)'> (0x00000000e1145bd8) thrown at [/build/openjdk-lts-iuKaMP/openjdk-lts-11.0
Event: 21.858 Thread 0x00007f08f8014800 Exception <a 'sun/nio/fs/UnixException'{0x00000000e1b80fe0}> (0x00000000e1b80fe0) thrown at [/build/openjdk-lts-iuKaMP/openjdk-lts-11.0.6+10/src/hotspot/share/prims/jni.cpp, line 615]
Event: 21.878 Thread 0x00007f08f8014800 Exception <a 'sun/nio/fs/UnixException'{0x00000000e1b81658}> (0x00000000e1b81658) thrown at [/build/openjdk-lts-iuKaMP/openjdk-lts-11.0.6+10/src/hotspot/share/prims/jni.cpp, line 615]
Event: 21.878 Thread 0x00007f08f8014800 Exception <a 'sun/nio/fs/UnixException'{0x00000000e1b81cd0}> (0x00000000e1b81cd0) thrown at [/build/openjdk-lts-iuKaMP/openjdk-lts-11.0.6+10/src/hotspot/share/prims/jni.cpp, line 615]
Event: 21.878 Thread 0x00007f08f8014800 Exception <a 'sun/nio/fs/UnixException'{0x00000000e1b82458}> (0x00000000e1b82458) thrown at [/build/openjdk-lts-iuKaMP/openjdk-lts-11.0.6+10/src/hotspot/share/prims/jni.cpp, line 615]
Event: 21.878 Thread 0x00007f08f8014800 Exception <a 'sun/nio/fs/UnixException'{0x00000000e1b82ad0}> (0x00000000e1b82ad0) thrown at [/build/openjdk-lts-iuKaMP/openjdk-lts-11.0.6+10/src/hotspot/share/prims/jni.cpp, line 615]
Event: 21.878 Thread 0x00007f08f8014800 Exception <a 'sun/nio/fs/UnixException'{0x00000000e1b83148}> (0x00000000e1b83148) thrown at [/build/openjdk-lts-iuKaMP/openjdk-lts-11.0.6+10/src/hotspot/share/prims/jni.cpp, line 615]
Event: 22.495 Thread 0x00007f08f8014800 Exception <a 'java/lang/NoSuchMethodError'{0x00000000e18afdb8}: 'int java.lang.invoke.DirectMethodHandle$Holder.invokeSpecial(java.lang.Object, java.lang.Object, java.lang.Object, java.lang.Object, java.lang.Object)'> (0x00000000e18afdb8) thrown at [/buil

Events (20 events):
Event: 25.391 loading class com/sun/tools/javac/code/Symbol
Event: 25.391 loading class com/sun/tools/javac/code/Symbol done
Event: 25.392 loading class com/sun/tools/javac/code/Symbol
Event: 25.392 loading class com/sun/tools/javac/code/Symbol done
Event: 25.971 loading class com/sun/tools/javac/comp/Env
Event: 25.973 loading class com/sun/tools/javac/comp/Env done
Event: 25.987 loading class com/sun/tools/javac/code/TypeAnnotations
Event: 25.987 loading class com/sun/tools/javac/code/TypeAnnotations done
Event: 26.372 loading class com/sun/tools/javac/comp/Env
Event: 26.374 loading class com/sun/tools/javac/comp/Env done
Event: 26.410 loading class com/sun/tools/javac/code/TypeAnnotations
Event: 26.412 loading class com/sun/tools/javac/code/TypeAnnotations done
Event: 26.528 loading class com/sun/tools/javac/code/Symbol
Event: 26.529 loading class com/sun/tools/javac/code/Symbol done
Event: 26.534 loading class com/sun/tools/javac/util/Filter
Event: 26.534 loading class com/sun/tools/javac/util/Filter done
Event: 26.548 loading class com/sun/tools/javac/code/Symbol
Event: 26.548 loading class com/sun/tools/javac/code/Symbol done
Event: 26.548 loading class com/sun/tools/javac/code/Symbol
Event: 26.548 loading class com/sun/tools/javac/code/Symbol done


Dynamic libraries:
e0c00000-e2160000 rw-p 00000000 00:00 0 
e2160000-eb2a0000 ---p 00000000 00:00 0 
eb2a0000-edd40000 rw-p 00000000 00:00 0 
edd40000-100000000 ---p 00000000 00:00 0 
800000000-800002000 rwxp 00001000 08:01 1072437                          /usr/lib/jvm/java-11-openjdk-amd64/lib/server/classes.jsa
800002000-8003b8000 rw-p 00003000 08:01 1072437                          /usr/lib/jvm/java-11-openjdk-amd64/lib/server/classes.jsa
8003b8000-800a7e000 r--p 003b9000 08:01 1072437                          /usr/lib/jvm/java-11-openjdk-amd64/lib/server/classes.jsa
800a7e000-800a7f000 rw-p 00a7f000 08:01 1072437                          /usr/lib/jvm/java-11-openjdk-amd64/lib/server/classes.jsa
800a7f000-80108b000 r--p 00a80000 08:01 1072437                          /usr/lib/jvm/java-11-openjdk-amd64/lib/server/classes.jsa
840000000-8403e0000 rw-p 00000000 00:00 0 
8403e0000-880000000 ---p 00000000 00:00 0 
55596818e000-55596818f000 r-xp 00000000 08:01 1051888                    /usr/lib/jvm/java-11-openjdk-amd64/bin/java
55596838f000-555968390000 r--p 00001000 08:01 1051888                    /usr/lib/jvm/java-11-openjdk-amd64/bin/java
555968390000-555968391000 rw-p 00002000 08:01 1051888                    /usr/lib/jvm/java-11-openjdk-amd64/bin/java
55596a101000-55596a122000 rw-p 00000000 00:00 0                          [heap]
7f08c2ddb000-7f08c2e5b000 rw-p 00000000 00:00 0 
7f08c2e5b000-7f08c2fdb000 ---p 00000000 00:00 0 
7f08c2fdb000-7f08c31db000 rw-p 00000000 00:00 0 
7f08c31db000-7f08c33db000 rw-p 00000000 00:00 0 
7f08c33db000-7f08c35db000 rw-p 00000000 00:00 0 
7f08c35db000-7f08c37db000 rw-p 00000000 00:00 0 
7f08c37db000-7f08c39db000 rw-p 00000000 00:00 0 
7f08c39db000-7f08c39dd000 r-xp 00000000 08:01 1072253                    /usr/lib/jvm/java-11-openjdk-amd64/lib/libextnet.so
7f08c39dd000-7f08c3bdc000 ---p 00002000 08:01 1072253                    /usr/lib/jvm/java-11-openjdk-amd64/lib/libextnet.so
7f08c3bdc000-7f08c3bdd000 r--p 00001000 08:01 1072253                    /usr/lib/jvm/java-11-openjdk-amd64/lib/libextnet.so
7f08c3bdd000-7f08c3bde000 rw-p 00002000 08:01 1072253                    /usr/lib/jvm/java-11-openjdk-amd64/lib/libextnet.so
7f08c3bde000-7f08c3bf5000 r-xp 00000000 08:01 661613                     /lib/x86_64-linux-gnu/libresolv-2.27.so
7f08c3bf5000-7f08c3df5000 ---p 00017000 08:01 661613                     /lib/x86_64-linux-gnu/libresolv-2.27.so
7f08c3df5000-7f08c3df6000 r--p 00017000 08:01 661613                     /lib/x86_64-linux-gnu/libresolv-2.27.so
7f08c3df6000-7f08c3df7000 rw-p 00018000 08:01 661613                     /lib/x86_64-linux-gnu/libresolv-2.27.so
7f08c3df7000-7f08c3df9000 rw-p 00000000 00:00 0 
7f08c3df9000-7f08c3dfe000 r-xp 00000000 08:01 661562                     /lib/x86_64-linux-gnu/libnss_dns-2.27.so
7f08c3dfe000-7f08c3ffe000 ---p 00005000 08:01 661562                     /lib/x86_64-linux-gnu/libnss_dns-2.27.so
7f08c3ffe000-7f08c3fff000 r--p 00005000 08:01 661562                     /lib/x86_64-linux-gnu/libnss_dns-2.27.so
7f08c3fff000-7f08c4000000 rw-p 00006000 08:01 661562                     /lib/x86_64-linux-gnu/libnss_dns-2.27.so
7f08c4000000-7f08c4560000 rw-p 00000000 00:00 0 
7f08c4560000-7f08c8000000 ---p 00000000 00:00 0 
7f08c8000000-7f08c8021000 rw-p 00000000 00:00 0 
7f08c8021000-7f08cc000000 ---p 00000000 00:00 0 
7f08cc000000-7f08cc021000 rw-p 00000000 00:00 0 
7f08cc021000-7f08d0000000 ---p 00000000 00:00 0 
7f08d0000000-7f08d17c0000 rw-p 00000000 00:00 0 
7f08d17c0000-7f08d4000000 ---p 00000000 00:00 0 
7f08d4000000-7f08d4021000 rw-p 00000000 00:00 0 
7f08d4021000-7f08d8000000 ---p 00000000 00:00 0 
7f08d8000000-7f08d8021000 rw-p 00000000 00:00 0 
7f08d8021000-7f08dc000000 ---p 00000000 00:00 0 
7f08dc000000-7f08dc04f000 rw-p 00000000 00:00 0 
7f08dc04f000-7f08e0000000 ---p 00000000 00:00 0 
7f08e00de000-7f08e00e0000 r-xp 00000000 08:01 661570                     /lib/x86_64-linux-gnu/libnss_mdns4_minimal.so.2
7f08e00e0000-7f08e02df000 ---p 00002000 08:01 661570                     /lib/x86_64-linux-gnu/libnss_mdns4_minimal.so.2
7f08e02df000-7f08e02e0000 r--p 00001000 08:01 661570                     /lib/x86_64-linux-gnu/libnss_mdns4_minimal.so.2
7f08e02e0000-7f08e02e1000 rw-p 00002000 08:01 661570                     /lib/x86_64-linux-gnu/libnss_mdns4_minimal.so.2
7f08e02e1000-7f08e04e1000 rw-p 00000000 00:00 0 
7f08e04e1000-7f08e06e1000 rw-p 00000000 00:00 0 
7f08e06e1000-7f08e070b000 r-xp 00000000 08:01 1072278                    /usr/lib/jvm/java-11-openjdk-amd64/lib/libsunec.so
7f08e070b000-7f08e090a000 ---p 0002a000 08:01 1072278                    /usr/lib/jvm/java-11-openjdk-amd64/lib/libsunec.so
7f08e090a000-7f08e090e000 r--p 00029000 08:01 1072278                    /usr/lib/jvm/java-11-openjdk-amd64/lib/libsunec.so
7f08e090e000-7f08e0910000 rw-p 0002d000 08:01 1072278                    /usr/lib/jvm/java-11-openjdk-amd64/lib/libsunec.so
7f08e0910000-7f08e0b80000 rwxp 00000000 00:00 0 
7f08e0b80000-7f08e0e9f000 ---p 00000000 00:00 0 
7f08e0e9f000-7f08e18ff000 rwxp 00000000 00:00 0 
7f08e190f000-7f08e83d7000 ---p 00000000 00:00 0 
7f08e83d7000-7f08e8647000 rwxp 00000000 00:00 0 
7f08e8647000-7f08ef910000 ---p 00000000 00:00 0 
7f08ef910000-7f08f8000000 r--s 00000000 08:01 1072282                    /usr/lib/jvm/java-11-openjdk-amd64/lib/modules
7f08f8000000-7f08f9490000 rw-p 00000000 00:00 0 
7f08f9490000-7f08fc000000 ---p 00000000 00:00 0 
7f08fc16f000-7f08fc36f000 rw-p 00000000 00:00 0 
7f08fc36f000-7f08fc373000 ---p 00000000 00:00 0 
7f08fc373000-7f08fc670000 rw-p 00000000 00:00 0 
7f08fc670000-7f08fc870000 rw-p 00000000 00:00 0 
7f08fc870000-7f08fc8a1000 rw-p 00000000 00:00 0 
7f08fc8a1000-7f08fc8b7000 r-xp 00000000 08:01 1072272                    /usr/lib/jvm/java-11-openjdk-amd64/lib/libnet.so
7f08fc8b7000-7f08fcab6000 ---p 00016000 08:01 1072272                    /usr/lib/jvm/java-11-openjdk-amd64/lib/libnet.so
7f08fcab6000-7f08fcab7000 r--p 00015000 08:01 1072272                    /usr/lib/jvm/java-11-openjdk-amd64/lib/libnet.so
7f08fcab7000-7f08fcab8000 rw-p 00016000 08:01 1072272                    /usr/lib/jvm/java-11-openjdk-amd64/lib/libnet.so
7f08fcab8000-7f08fcac8000 r-xp 00000000 08:01 1072273                    /usr/lib/jvm/java-11-openjdk-amd64/lib/libnio.so
7f08fcac8000-7f08fccc7000 ---p 00010000 08:01 1072273                    /usr/lib/jvm/java-11-openjdk-amd64/lib/libnio.so
7f08fccc7000-7f08fccc8000 r--p 0000f000 08:01 1072273                    /usr/lib/jvm/java-11-openjdk-amd64/lib/libnio.so
7f08fccc8000-7f08fccc9000 rw-p 00010000 08:01 1072273                    /usr/lib/jvm/java-11-openjdk-amd64/lib/libnio.so
7f08fccc9000-7f08fcccd000 ---p 00000000 00:00 0 
7f08fcccd000-7f08fcdca000 rw-p 00000000 00:00 0 
7f08fcdca000-7f08fcdcb000 ---p 00000000 00:00 0 
7f08fcdcb000-7f08fcecc000 rw-p 00000000 00:00 0 
7f08fcecc000-7f08fced0000 ---p 00000000 00:00 0 
7f08fced0000-7f08fcfcd000 rw-p 00000000 00:00 0 
7f08fcfcd000-7f08fcfd1000 ---p 00000000 00:00 0 
7f08fcfd1000-7f08fd0ce000 rw-p 00000000 00:00 0 
7f08fd0ce000-7f08fd0d2000 ---p 00000000 00:00 0 
7f08fd0d2000-7f08fd1cf000 rw-p 00000000 00:00 0 
7f08fd1cf000-7f08fd1d3000 ---p 00000000 00:00 0 
7f08fd1d3000-7f08fd2d0000 rw-p 00000000 00:00 0 
7f08fd2d0000-7f08fd2d4000 ---p 00000000 00:00 0 
7f08fd2d4000-7f08fd3d1000 rw-p 00000000 00:00 0 
7f08fd3d1000-7f08fdda0000 r--p 00000000 08:01 1055444                    /usr/lib/locale/locale-archive
7f08fdda0000-7f08fdda4000 ---p 00000000 00:00 0 
7f08fdda4000-7f08fdea1000 rw-p 00000000 00:00 0 
7f08fdea1000-7f08fdea5000 ---p 00000000 00:00 0 
7f08fdea5000-7f08fdfa2000 rw-p 00000000 00:00 0 
7f08fdfa2000-7f08fdfa3000 ---p 00000000 00:00 0 
7f08fdfa3000-7f08fe9a8000 rw-p 00000000 00:00 0 
7f08fe9a8000-7f08fe9d4000 rw-p 00000000 00:00 0 
7f08fe9d4000-7f08fea1c000 ---p 00000000 00:00 0 
7f08fea1c000-7f08fea32000 rw-p 00000000 00:00 0 
7f08fea32000-7f08feac3000 ---p 00000000 00:00 0 
7f08feac3000-7f08feac9000 rw-p 00000000 00:00 0 
7f08feac9000-7f08febaf000 ---p 00000000 00:00 0 
7f08febaf000-7f08febc4000 rw-p 00000000 00:00 0 
7f08febc4000-7f08fec9a000 ---p 00000000 00:00 0 
7f08fec9a000-7f08fec9f000 r-xp 00000000 08:01 1072264                    /usr/lib/jvm/java-11-openjdk-amd64/lib/libjimage.so
7f08fec9f000-7f08fee9e000 ---p 00005000 08:01 1072264                    /usr/lib/jvm/java-11-openjdk-amd64/lib/libjimage.so
7f08fee9e000-7f08fee9f000 r--p 00004000 08:01 1072264                    /usr/lib/jvm/java-11-openjdk-amd64/lib/libjimage.so
7f08fee9f000-7f08feea0000 rw-p 00005000 08:01 1072264                    /usr/lib/jvm/java-11-openjdk-amd64/lib/libjimage.so
7f08feea0000-7f08feea7000 r-xp 00000000 08:01 1072281                    /usr/lib/jvm/java-11-openjdk-amd64/lib/libzip.so
7f08feea7000-7f08ff0a6000 ---p 00007000 08:01 1072281                    /usr/lib/jvm/java-11-openjdk-amd64/lib/libzip.so
7f08ff0a6000-7f08ff0a7000 r--p 00006000 08:01 1072281                    /usr/lib/jvm/java-11-openjdk-amd64/lib/libzip.so
7f08ff0a7000-7f08ff0a8000 rw-p 00007000 08:01 1072281                    /usr/lib/jvm/java-11-openjdk-amd64/lib/libzip.so
7f08ff0a8000-7f08ff0b3000 r-xp 00000000 08:01 661564                     /lib/x86_64-linux-gnu/libnss_files-2.27.so
7f08ff0b3000-7f08ff2b2000 ---p 0000b000 08:01 661564                     /lib/x86_64-linux-gnu/libnss_files-2.27.so
7f08ff2b2000-7f08ff2b3000 r--p 0000a000 08:01 661564                     /lib/x86_64-linux-gnu/libnss_files-2.27.so
7f08ff2b3000-7f08ff2b4000 rw-p 0000b000 08:01 661564                     /lib/x86_64-linux-gnu/libnss_files-2.27.so
7f08ff2b4000-7f08ff2ba000 rw-p 00000000 00:00 0 
7f08ff2ba000-7f08ff2d1000 r-xp 00000000 08:01 661558                     /lib/x86_64-linux-gnu/libnsl-2.27.so
7f08ff2d1000-7f08ff4d0000 ---p 00017000 08:01 661558                     /lib/x86_64-linux-gnu/libnsl-2.27.so
7f08ff4d0000-7f08ff4d1000 r--p 00016000 08:01 661558                     /lib/x86_64-linux-gnu/libnsl-2.27.so
7f08ff4d1000-7f08ff4d2000 rw-p 00017000 08:01 661558                     /lib/x86_64-linux-gnu/libnsl-2.27.so
7f08ff4d2000-7f08ff4d4000 rw-p 00000000 00:00 0 
7f08ff4d4000-7f08ff4df000 r-xp 00000000 08:01 661575                     /lib/x86_64-linux-gnu/libnss_nis-2.27.so
7f08ff4df000-7f08ff6de000 ---p 0000b000 08:01 661575                     /lib/x86_64-linux-gnu/libnss_nis-2.27.so
7f08ff6de000-7f08ff6df000 r--p 0000a000 08:01 661575                     /lib/x86_64-linux-gnu/libnss_nis-2.27.so
7f08ff6df000-7f08ff6e0000 rw-p 0000b000 08:01 661575                     /lib/x86_64-linux-gnu/libnss_nis-2.27.so
7f08ff6e0000-7f08ff6e8000 r-xp 00000000 08:01 661560                     /lib/x86_64-linux-gnu/libnss_compat-2.27.so
7f08ff6e8000-7f08ff8e8000 ---p 00008000 08:01 661560                     /lib/x86_64-linux-gnu/libnss_compat-2.27.so
7f08ff8e8000-7f08ff8e9000 r--p 00008000 08:01 661560                     /lib/x86_64-linux-gnu/libnss_compat-2.27.so
7f08ff8e9000-7f08ff8ea000 rw-p 00009000 08:01 661560                     /lib/x86_64-linux-gnu/libnss_compat-2.27.so
7f08ff8ea000-7f08ff913000 r-xp 00000000 08:01 1072260                    /usr/lib/jvm/java-11-openjdk-amd64/lib/libjava.so
7f08ff913000-7f08ffb12000 ---p 00029000 08:01 1072260                    /usr/lib/jvm/java-11-openjdk-amd64/lib/libjava.so
7f08ffb12000-7f08ffb13000 r--p 00028000 08:01 1072260                    /usr/lib/jvm/java-11-openjdk-amd64/lib/libjava.so
7f08ffb13000-7f08ffb15000 rw-p 00029000 08:01 1072260                    /usr/lib/jvm/java-11-openjdk-amd64/lib/libjava.so
7f08ffb15000-7f08ffb22000 r-xp 00000000 08:01 1072280                    /usr/lib/jvm/java-11-openjdk-amd64/lib/libverify.so
7f08ffb22000-7f08ffd21000 ---p 0000d000 08:01 1072280                    /usr/lib/jvm/java-11-openjdk-amd64/lib/libverify.so
7f08ffd21000-7f08ffd23000 r--p 0000c000 08:01 1072280                    /usr/lib/jvm/java-11-openjdk-amd64/lib/libverify.so
7f08ffd23000-7f08ffd24000 rw-p 0000e000 08:01 1072280                    /usr/lib/jvm/java-11-openjdk-amd64/lib/libverify.so
7f08ffd24000-7f08ffd2b000 r-xp 00000000 08:01 661615                     /lib/x86_64-linux-gnu/librt-2.27.so
7f08ffd2b000-7f08fff2a000 ---p 00007000 08:01 661615                     /lib/x86_64-linux-gnu/librt-2.27.so
7f08fff2a000-7f08fff2b000 r--p 00006000 08:01 661615                     /lib/x86_64-linux-gnu/librt-2.27.so
7f08fff2b000-7f08fff2c000 rw-p 00007000 08:01 661615                     /lib/x86_64-linux-gnu/librt-2.27.so
7f08fff2c000-7f08fff43000 r-xp 00000000 08:01 655368                     /lib/x86_64-linux-gnu/libgcc_s.so.1
7f08fff43000-7f0900142000 ---p 00017000 08:01 655368                     /lib/x86_64-linux-gnu/libgcc_s.so.1
7f0900142000-7f0900143000 r--p 00016000 08:01 655368                     /lib/x86_64-linux-gnu/libgcc_s.so.1
7f0900143000-7f0900144000 rw-p 00017000 08:01 655368                     /lib/x86_64-linux-gnu/libgcc_s.so.1
7f0900144000-7f09002e1000 r-xp 00000000 08:01 661537                     /lib/x86_64-linux-gnu/libm-2.27.so
7f09002e1000-7f09004e0000 ---p 0019d000 08:01 661537                     /lib/x86_64-linux-gnu/libm-2.27.so
7f09004e0000-7f09004e1000 r--p 0019c000 08:01 661537                     /lib/x86_64-linux-gnu/libm-2.27.so
7f09004e1000-7f09004e2000 rw-p 0019d000 08:01 661537                     /lib/x86_64-linux-gnu/libm-2.27.so
7f09004e2000-7f090065b000 r-xp 00000000 08:01 1050383                    /usr/lib/x86_64-linux-gnu/libstdc++.so.6.0.25
7f090065b000-7f090085b000 ---p 00179000 08:01 1050383                    /usr/lib/x86_64-linux-gnu/libstdc++.so.6.0.25
7f090085b000-7f0900865000 r--p 00179000 08:01 1050383                    /usr/lib/x86_64-linux-gnu/libstdc++.so.6.0.25
7f0900865000-7f0900867000 rw-p 00183000 08:01 1050383                    /usr/lib/x86_64-linux-gnu/libstdc++.so.6.0.25
7f0900867000-7f090086b000 rw-p 00000000 00:00 0 
7f090086b000-7f0901944000 r-xp 00000000 08:01 1072287                    /usr/lib/jvm/java-11-openjdk-amd64/lib/server/libjvm.so
7f0901944000-7f0901b43000 ---p 010d9000 08:01 1072287                    /usr/lib/jvm/java-11-openjdk-amd64/lib/server/libjvm.so
7f0901b43000-7f0901c00000 r--p 010d8000 08:01 1072287                    /usr/lib/jvm/java-11-openjdk-amd64/lib/server/libjvm.so
7f0901c00000-7f0901c3a000 rw-p 01195000 08:01 1072287                    /usr/lib/jvm/java-11-openjdk-amd64/lib/server/libjvm.so
7f0901c3a000-7f0901c90000 rw-p 00000000 00:00 0 
7f0901c90000-7f0901caa000 r-xp 00000000 08:01 661607                     /lib/x86_64-linux-gnu/libpthread-2.27.so
7f0901caa000-7f0901ea9000 ---p 0001a000 08:01 661607                     /lib/x86_64-linux-gnu/libpthread-2.27.so
7f0901ea9000-7f0901eaa000 r--p 00019000 08:01 661607                     /lib/x86_64-linux-gnu/libpthread-2.27.so
7f0901eaa000-7f0901eab000 rw-p 0001a000 08:01 661607                     /lib/x86_64-linux-gnu/libpthread-2.27.so
7f0901eab000-7f0901eaf000 rw-p 00000000 00:00 0 
7f0901eaf000-7f0901eb2000 r-xp 00000000 08:01 661497                     /lib/x86_64-linux-gnu/libdl-2.27.so
7f0901eb2000-7f09020b1000 ---p 00003000 08:01 661497                     /lib/x86_64-linux-gnu/libdl-2.27.so
7f09020b1000-7f09020b2000 r--p 00002000 08:01 661497                     /lib/x86_64-linux-gnu/libdl-2.27.so
7f09020b2000-7f09020b3000 rw-p 00003000 08:01 661497                     /lib/x86_64-linux-gnu/libdl-2.27.so
7f09020b3000-7f09020cf000 r-xp 00000000 08:01 661646                     /lib/x86_64-linux-gnu/libz.so.1.2.11
7f09020cf000-7f09022ce000 ---p 0001c000 08:01 661646                     /lib/x86_64-linux-gnu/libz.so.1.2.11
7f09022ce000-7f09022cf000 r--p 0001b000 08:01 661646                     /lib/x86_64-linux-gnu/libz.so.1.2.11
7f09022cf000-7f09022d0000 rw-p 0001c000 08:01 661646                     /lib/x86_64-linux-gnu/libz.so.1.2.11
7f09022d0000-7f09024b7000 r-xp 00000000 08:01 661474                     /lib/x86_64-linux-gnu/libc-2.27.so
7f09024b7000-7f09026b7000 ---p 001e7000 08:01 661474                     /lib/x86_64-linux-gnu/libc-2.27.so
7f09026b7000-7f09026bb000 r--p 001e7000 08:01 661474                     /lib/x86_64-linux-gnu/libc-2.27.so
7f09026bb000-7f09026bd000 rw-p 001eb000 08:01 661474                     /lib/x86_64-linux-gnu/libc-2.27.so
7f09026bd000-7f09026c1000 rw-p 00000000 00:00 0 
7f09026c1000-7f09026d1000 r-xp 00000000 08:01 1072244                    /usr/lib/jvm/java-11-openjdk-amd64/lib/jli/libjli.so
7f09026d1000-7f09028d0000 ---p 00010000 08:01 1072244                    /usr/lib/jvm/java-11-openjdk-amd64/lib/jli/libjli.so
7f09028d0000-7f09028d1000 r--p 0000f000 08:01 1072244                    /usr/lib/jvm/java-11-openjdk-amd64/lib/jli/libjli.so
7f09028d1000-7f09028d2000 rw-p 00010000 08:01 1072244                    /usr/lib/jvm/java-11-openjdk-amd64/lib/jli/libjli.so
7f09028d2000-7f09028f9000 r-xp 00000000 08:01 661446                     /lib/x86_64-linux-gnu/ld-2.27.so
7f090290c000-7f0902943000 rw-p 00000000 00:00 0 
7f0902943000-7f09029d4000 ---p 00000000 00:00 0 
7f09029d4000-7f09029d9000 rw-p 00000000 00:00 0 
7f09029d9000-7f09029e0000 ---p 00000000 00:00 0 
7f09029e0000-7f09029e4000 ---p 00000000 00:00 0 
7f09029e4000-7f0902ae3000 rw-p 00000000 00:00 0 
7f0902aeb000-7f0902aed000 r--s 00007000 08:01 145008                     /usr/share/java/java-atk-wrapper.jar
7f0902aed000-7f0902af5000 rw-s 00000000 08:01 918950                     /tmp/hsperfdata_guang/2841
7f0902af5000-7f0902af6000 ---p 00000000 00:00 0 
7f0902af6000-7f0902af7000 r--p 00000000 00:00 0 
7f0902af7000-7f0902af9000 rw-p 00000000 00:00 0 
7f0902af9000-7f0902afa000 r--p 00027000 08:01 661446                     /lib/x86_64-linux-gnu/ld-2.27.so
7f0902afa000-7f0902afb000 rw-p 00028000 08:01 661446                     /lib/x86_64-linux-gnu/ld-2.27.so
7f0902afb000-7f0902afc000 rw-p 00000000 00:00 0 
7ffc0d823000-7ffc0d844000 rw-p 00000000 00:00 0                          [stack]
7ffc0d9ad000-7ffc0d9b0000 r--p 00000000 00:00 0                          [vvar]
7ffc0d9b0000-7ffc0d9b2000 r-xp 00000000 00:00 0                          [vdso]
ffffffffff600000-ffffffffff601000 r-xp 00000000 00:00 0                  [vsyscall]


VM Arguments:
jvm_args: -Dclassworlds.conf=/usr/share/maven/bin/m2.conf -Dmaven.home=/usr/share/maven -Dlibrary.jansi.path=/usr/share/maven/lib/jansi-native -Dmaven.multiModuleProjectDirectory=/home/guang/Documents/workspace-spring-tool-suite-4-4.6.0.RELEASE/bookstore-back-T-master 
java_command: org.codehaus.plexus.classworlds.launcher.Launcher clean install
java_class_path (initial): /usr/share/maven/boot/plexus-classworlds-2.x.jar
Launcher Type: SUN_STANDARD

[Global flags]
     intx CICompilerCount                          = 2                                         {product} {ergonomic}
   size_t InitialHeapSize                          = 33554432                                  {product} {ergonomic}
   size_t MaxHeapSize                              = 524288000                                 {product} {ergonomic}
   size_t MaxNewSize                               = 174718976                                 {product} {ergonomic}
   size_t MinHeapDeltaBytes                        = 196608                                    {product} {ergonomic}
   size_t NewSize                                  = 11141120                                  {product} {ergonomic}
    uintx NonNMethodCodeHeapSize                   = 5825164                                {pd product} {ergonomic}
    uintx NonProfiledCodeHeapSize                  = 122916538                              {pd product} {ergonomic}
   size_t OldSize                                  = 22413312                                  {product} {ergonomic}
    uintx ProfiledCodeHeapSize                     = 122916538                              {pd product} {ergonomic}
    uintx ReservedCodeCacheSize                    = 251658240                              {pd product} {ergonomic}
     bool SegmentedCodeCache                       = true                                      {product} {ergonomic}
     bool UseCompressedClassPointers               = true                                 {lp64_product} {ergonomic}
     bool UseCompressedOops                        = true                                 {lp64_product} {ergonomic}
     bool UseSerialGC                              = true                                      {product} {ergonomic}

Logging:
Log output configuration:
 #0: stdout all=warning uptime,level,tags
 #1: stderr all=off uptime,level,tags

Environment Variables:
PATH=/usr/local/sbin:/usr/local/bin:/usr/sbin:/usr/bin:/sbin:/bin:/usr/games:/usr/local/games:/snap/bin
USERNAME=guang
SHELL=/bin/bash
DISPLAY=:0

Signal Handlers:
SIGSEGV: [libjvm.so+0xdf1470], sa_mask[0]=11111111011111111101111111111110, sa_flags=SA_RESTART|SA_SIGINFO
SIGBUS: [libjvm.so+0xdf1470], sa_mask[0]=11111111011111111101111111111110, sa_flags=SA_RESTART|SA_SIGINFO
SIGFPE: [libjvm.so+0xdf1470], sa_mask[0]=11111111011111111101111111111110, sa_flags=SA_RESTART|SA_SIGINFO
SIGPIPE: [libjvm.so+0xbc5560], sa_mask[0]=11111111011111111101111111111110, sa_flags=SA_RESTART|SA_SIGINFO
SIGXFSZ: [libjvm.so+0xbc5560], sa_mask[0]=11111111011111111101111111111110, sa_flags=SA_RESTART|SA_SIGINFO
SIGILL: [libjvm.so+0xdf1470], sa_mask[0]=11111111011111111101111111111110, sa_flags=SA_RESTART|SA_SIGINFO
SIGUSR2: [libjvm.so+0xbc5400], sa_mask[0]=00000000000000000000000000000000, sa_flags=SA_RESTART|SA_SIGINFO
SIGHUP: [libjvm.so+0xbc5760], sa_mask[0]=11111111011111111101111111111110, sa_flags=SA_RESTART|SA_SIGINFO
SIGINT: [libjvm.so+0xbc5760], sa_mask[0]=11111111011111111101111111111110, sa_flags=SA_RESTART|SA_SIGINFO
SIGTERM: [libjvm.so+0xbc5760], sa_mask[0]=11111111011111111101111111111110, sa_flags=SA_RESTART|SA_SIGINFO
SIGQUIT: [libjvm.so+0xbc5760], sa_mask[0]=11111111011111111101111111111110, sa_flags=SA_RESTART|SA_SIGINFO


---------------  S Y S T E M  ---------------

OS:DISTRIB_ID=Ubuntu
DISTRIB_RELEASE=18.04
DISTRIB_CODENAME=bionic
DISTRIB_DESCRIPTION="Ubuntu 18.04.2 LTS"
uname:Linux 4.18.0-15-generic #16~18.04.1-Ubuntu SMP Thu Feb 7 14:06:04 UTC 2019 x86_64
libc:glibc 2.27 NPTL 2.27 
rlimit: STACK 8192k, CORE 0k, NPROC 7729, NOFILE 4096, AS infinity, DATA infinity, FSIZE infinity
load average:3.39 1.81 0.74

/proc/meminfo:
MemTotal:        2041112 kB
MemFree:           56312 kB
MemAvailable:          0 kB
Buffers:             112 kB
Cached:           116428 kB
SwapCached:          188 kB
Active:          1352588 kB
Inactive:         452664 kB
Active(anon):    1349884 kB
Inactive(anon):   450032 kB
Active(file):       2704 kB
Inactive(file):     2632 kB
Unevictable:          16 kB
Mlocked:              16 kB
SwapTotal:        969960 kB
SwapFree:              0 kB
Dirty:                48 kB
Writeback:            68 kB
AnonPages:       1688808 kB
Mapped:            36244 kB
Shmem:            111096 kB
Slab:              56440 kB
SReclaimable:      20780 kB
SUnreclaim:        35660 kB
KernelStack:       11456 kB
PageTables:        50304 kB
NFS_Unstable:          0 kB
Bounce:                0 kB
WritebackTmp:          0 kB
CommitLimit:     1990516 kB
Committed_AS:    7095544 kB
VmallocTotal:   34359738367 kB
VmallocUsed:           0 kB
VmallocChunk:          0 kB
HardwareCorrupted:     0 kB
AnonHugePages:         0 kB
ShmemHugePages:        0 kB
ShmemPmdMapped:        0 kB
CmaTotal:              0 kB
CmaFree:               0 kB
HugePages_Total:       0
HugePages_Free:        0
HugePages_Rsvd:        0
HugePages_Surp:        0
Hugepagesize:       2048 kB
Hugetlb:               0 kB
DirectMap4k:      108480 kB
DirectMap2M:     1988608 kB


/proc/sys/kernel/threads-max (system-wide limit on the number of threads):
15458


/proc/sys/vm/max_map_count (maximum number of memory map areas a process may have):
65530


/proc/sys/kernel/pid_max (system-wide limit on number of process identifiers):
32768



container (cgroup) information:
container_type: cgroupv1
cpu_cpuset_cpus: 0
cpu_memory_nodes: 0
active_processor_count: 1
cpu_quota: -1
cpu_period: 100000
cpu_shares: -1
memory_limit_in_bytes: -1
memory_and_swap_limit_in_bytes: -2
memory_soft_limit_in_bytes: -1
memory_usage_in_bytes: 1852858368
memory_max_usage_in_bytes: 0

KVM virtualization detected
Steal ticks since vm start: 0
Steal ticks percentage since vm start:  0.000

CPU:total 1 (initial active 1) (1 cores per cpu, 1 threads per core) family 6 model 158 stepping 13, cmov, cx8, fxsr, mmx, sse, sse2, sse3, ssse3, sse4.1, sse4.2, popcnt, avx, avx2, aes, clmul, 3dnowpref, lzcnt, tsc, tscinvbit
CPU Model and flags from /proc/cpuinfo:
model name	: Intel(R) Core(TM) i7-9700KF CPU @ 3.60GHz
flags		: fpu vme de pse tsc msr pae mce cx8 apic sep mtrr pge mca cmov pat pse36 clflush mmx fxsr sse sse2 ht syscall nx rdtscp lm constant_tsc rep_good nopl xtopology nonstop_tsc cpuid tsc_known_freq pni pclmulqdq monitor ssse3 cx16 pcid sse4_1 sse4_2 x2apic movbe popcnt aes xsave avx rdrand hypervisor lahf_lm abm 3dnowprefetch invpcid_single fsgsbase avx2 invpcid rdseed clflushopt flush_l1d arch_capabilities

Memory: 4k page, physical 2041112k(52972k free), swap 969960k(0k free)

vm_info: OpenJDK 64-Bit Server VM (11.0.6+10-post-Ubuntu-1ubuntu118.04.1) for linux-amd64 JRE (11.0.6+10-post-Ubuntu-1ubuntu118.04.1), built on Jan 15 2020 15:14:00 by "unknown" with gcc 7.4.0

END.
